TN:
SF:src/utils/excalidrawToMermaid.ts
FN:111,extractConnections
FN:132,excalidrawToMermaid
FN:154,toMermaidId
FN:166,parseNodeLabel
FN:178,cleanLabel
FN:184,generateC4Diagram
FN:195,(anonymous_6)
FN:203,(anonymous_7)
FN:208,(anonymous_8)
FN:236,(anonymous_9)
FN:323,generateClassDiagram
FN:334,(anonymous_11)
FN:346,(anonymous_12)
FN:357,(anonymous_13)
FN:373,(anonymous_14)
FN:408,extractNodeName
FN:413,(anonymous_16)
FN:432,generateFlowchart
FN:443,(anonymous_18)
FN:462,(anonymous_19)
FNF:20
FNH:20
FNDA:8,extractConnections
FNDA:65,excalidrawToMermaid
FNDA:45,toMermaidId
FNDA:39,parseNodeLabel
FNDA:9,cleanLabel
FNDA:40,generateC4Diagram
FNDA:63,(anonymous_6)
FNDA:6,(anonymous_7)
FNDA:63,(anonymous_8)
FNDA:27,(anonymous_9)
FNDA:10,generateClassDiagram
FNDA:32,(anonymous_11)
FNDA:12,(anonymous_12)
FNDA:1,(anonymous_13)
FNDA:32,(anonymous_14)
FNDA:16,extractNodeName
FNDA:20,(anonymous_16)
FNDA:15,generateFlowchart
FNDA:44,(anonymous_18)
FNDA:44,(anonymous_19)
DA:112,8
DA:113,8
DA:114,8
DA:115,11
DA:120,4
DA:123,8
DA:136,65
DA:137,65
DA:138,15
DA:140,50
DA:141,10
DA:143,40
DA:155,45
DA:167,39
DA:168,39
DA:169,39
DA:170,8
DA:171,8
DA:172,8
DA:174,31
DA:179,9
DA:186,40
DA:187,40
DA:188,63
DA:189,26
DA:194,40
DA:195,63
DA:197,40
DA:201,40
DA:202,40
DA:203,6
DA:207,40
DA:208,63
DA:211,40
DA:216,40
DA:217,2
DA:220,40
DA:221,40
DA:222,40
DA:227,40
DA:228,2
DA:229,2
DA:230,2
DA:231,2
DA:234,40
DA:236,40
DA:237,27
DA:238,26
DA:240,26
DA:241,26
DA:243,25
DA:244,27
DA:245,27
DA:246,27
DA:247,27
DA:248,27
DA:250,27
DA:252,4
DA:253,4
DA:255,11
DA:256,11
DA:258,1
DA:259,1
DA:261,4
DA:262,4
DA:264,1
DA:265,1
DA:267,1
DA:268,1
DA:270,1
DA:271,1
DA:273,2
DA:274,2
DA:279,40
DA:280,25
DA:281,21
DA:286,40
DA:287,6
DA:288,6
DA:289,6
DA:290,6
DA:292,6
DA:296,40
DA:297,40
DA:298,4
DA:299,4
DA:302,4
DA:304,2
DA:305,4
DA:306,4
DA:307,4
DA:309,4
DA:312,40
DA:325,10
DA:326,10
DA:327,32
DA:328,14
DA:333,10
DA:334,32
DA:338,10
DA:340,10
DA:342,10
DA:343,11
DA:344,11
DA:346,12
DA:349,11
DA:353,11
DA:356,11
DA:357,1
DA:360,11
DA:361,1
DA:362,1
DA:363,1
DA:365,1
DA:367,10
DA:369,11
DA:373,32
DA:375,10
DA:376,6
DA:378,5
DA:379,5
DA:380,5
DA:382,3
DA:383,6
DA:385,6
DA:386,2
DA:388,1
DA:392,10
DA:409,16
DA:413,20
DA:414,16
DA:415,2
DA:418,14
DA:419,14
DA:434,15
DA:435,15
DA:436,44
DA:437,20
DA:442,15
DA:443,44
DA:446,15
DA:449,15
DA:450,15
DA:451,16
DA:452,16
DA:453,16
DA:454,16
DA:455,16
DA:458,15
DA:461,15
DA:462,44
DA:465,15
DA:467,6
DA:468,6
DA:469,6
DA:471,4
DA:472,6
DA:473,6
DA:474,6
DA:476,6
DA:477,3
DA:479,1
DA:483,15
LF:163
LH:163
BRDA:115,0,0,4
BRDA:115,0,1,7
BRDA:116,1,0,11
BRDA:116,1,1,8
BRDA:116,1,2,5
BRDA:137,2,0,15
BRDA:137,2,1,50
BRDA:140,3,0,10
BRDA:140,3,1,40
BRDA:169,4,0,8
BRDA:169,4,1,31
BRDA:188,5,0,26
BRDA:188,5,1,37
BRDA:188,6,0,63
BRDA:188,6,1,33
BRDA:189,7,0,26
BRDA:189,7,1,2
BRDA:189,7,2,1
BRDA:195,8,0,63
BRDA:195,8,1,33
BRDA:195,8,2,7
BRDA:195,9,0,7
BRDA:195,9,1,1
BRDA:197,10,0,5
BRDA:197,10,1,35
BRDA:198,11,0,5
BRDA:198,11,1,2
BRDA:198,11,2,1
BRDA:201,12,0,40
BRDA:201,12,1,1
BRDA:203,13,0,40
BRDA:203,13,1,35
BRDA:208,14,0,63
BRDA:208,14,1,4
BRDA:208,14,2,4
BRDA:216,15,0,2
BRDA:216,15,1,38
BRDA:227,16,0,2
BRDA:227,16,1,38
BRDA:227,17,0,40
BRDA:227,17,1,3
BRDA:228,18,0,2
BRDA:228,18,1,1
BRDA:229,19,0,2
BRDA:229,19,1,1
BRDA:236,20,0,27
BRDA:237,21,0,1
BRDA:237,21,1,26
BRDA:241,22,0,1
BRDA:241,22,1,25
BRDA:243,23,0,25
BRDA:243,23,1,1
BRDA:246,24,0,27
BRDA:246,24,1,22
BRDA:247,25,0,27
BRDA:247,25,1,1
BRDA:250,26,0,4
BRDA:250,26,1,11
BRDA:250,26,2,1
BRDA:250,26,3,4
BRDA:250,26,4,1
BRDA:250,26,5,1
BRDA:250,26,6,1
BRDA:250,26,7,2
BRDA:280,27,0,21
BRDA:280,27,1,4
BRDA:286,28,0,40
BRDA:286,28,1,35
BRDA:302,29,0,2
BRDA:302,29,1,2
BRDA:302,30,0,4
BRDA:302,30,1,3
BRDA:304,31,0,2
BRDA:304,31,1,1
BRDA:327,32,0,14
BRDA:327,32,1,18
BRDA:327,33,0,32
BRDA:327,33,1,14
BRDA:328,34,0,14
BRDA:328,34,1,1
BRDA:328,34,2,1
BRDA:334,35,0,32
BRDA:334,35,1,12
BRDA:349,36,0,1
BRDA:349,36,1,10
BRDA:356,37,0,1
BRDA:356,37,1,10
BRDA:360,38,0,1
BRDA:360,38,1,10
BRDA:376,39,0,1
BRDA:376,39,1,5
BRDA:376,40,0,6
BRDA:376,40,1,5
BRDA:380,41,0,2
BRDA:380,41,1,3
BRDA:380,42,0,5
BRDA:380,42,1,4
BRDA:382,43,0,3
BRDA:382,43,1,1
BRDA:385,44,0,2
BRDA:385,44,1,1
BRDA:414,45,0,2
BRDA:414,45,1,14
BRDA:436,46,0,20
BRDA:436,46,1,24
BRDA:436,47,0,44
BRDA:436,47,1,20
BRDA:437,48,0,20
BRDA:437,48,1,2
BRDA:437,48,2,1
BRDA:443,49,0,44
BRDA:443,49,1,18
BRDA:462,50,0,44
BRDA:462,50,1,6
BRDA:462,50,2,6
BRDA:469,51,0,2
BRDA:469,51,1,4
BRDA:469,52,0,6
BRDA:469,52,1,5
BRDA:471,53,0,4
BRDA:471,53,1,1
BRDA:476,54,0,3
BRDA:476,54,1,1
BRF:123
BRH:123
end_of_record
TN:
SF:src/utils/logger.ts
FN:25,(anonymous_0)
FN:30,(anonymous_1)
FN:34,(anonymous_2)
FN:39,(anonymous_3)
FN:45,(anonymous_4)
FN:51,(anonymous_5)
FN:57,(anonymous_6)
FN:64,createLogger
FNF:8
FNH:8
FNDA:17,(anonymous_0)
FNDA:19,(anonymous_1)
FNDA:14,(anonymous_2)
FNDA:4,(anonymous_3)
FNDA:6,(anonymous_4)
FNDA:4,(anonymous_5)
FNDA:5,(anonymous_6)
FNDA:2,createLogger
DA:3,1
DA:26,17
DA:27,17
DA:31,19
DA:35,14
DA:36,14
DA:40,4
DA:41,2
DA:46,6
DA:47,5
DA:52,4
DA:53,3
DA:58,5
DA:59,4
DA:65,2
LF:15
LH:15
BRDA:25,0,0,17
BRDA:40,1,0,2
BRDA:40,1,1,2
BRDA:46,2,0,5
BRDA:46,2,1,1
BRDA:52,3,0,3
BRDA:52,3,1,1
BRDA:58,4,0,4
BRDA:58,4,1,1
BRDA:64,5,0,2
BRF:10
BRH:10
end_of_record
